21040
2023.09.30 310
2021.04.30 280
2019.09.30 250
2013.09.30 240
2014.06.30 240
2018.06.30 220
2012.04.30 200
2022.09.30 200
2020.06.30 190
2016.06.30 170
2017.04.30 170
2015.06.30 150
2012.06.30 140
2020.09.30 140
2010.09.30 120
2011.04.30 120
2013.06.30 120
2010.04.30 110
2011.06.30 100
2011.09.30 100
2013.01.12 100
2013.03.25 100
2013.05.23 100
2013.11.03 100
2015.02.25 100
2016.04.30 100
2016.11.04 100
2017.07.02 100
2017.08.25 100
2018.04.30 100
2019.04.30 100
2021.02.15 100
2021.05.07 100
2022.12.07 100
2010.06.30 90
2011.05.26 70
2012.09.30 70
2013.07.28 70
2015.04.30 70
2015.11.20 70
2016.10.07 70
2017.06.30 70
2019.02.08 70
2022.04.30 70
2022.07.11 70
2023.05.06 70
2010.01.11 50
2010.01.22 50
2010.02.08 50
2010.02.10 50
2010.02.11 50
2010.02.24 50
2010.02.25 50
2010.02.26 50
2010.03.07 50
2010.05.23 50
2010.05.25 50
2010.07.12 50
2010.07.19 50
2010.08.16 50
2010.11.01 50
2010.11.07 50
2010.11.15 50
2010.11.21 50
2010.12.03 50
2010.12.26 50
2011.01.19 50
2011.01.26 50
2011.02.16 50
2011.02.17 50
2011.03.05 50
2011.03.13 50
2011.03.17 50
2011.05.11 50
2011.05.28 50
2011.07.11 50
2011.07.18 50
2011.07.21 50
2011.08.01 50
2011.08.06 50
2011.08.14 50
2011.08.19 50
2011.10.03 50
2011.10.25 50
2011.11.01 50
2011.11.08 50
2011.11.13 50
2011.11.23 50
2011.12.02 50
2011.12.06 50
2011.12.13 50
2011.12.20 50
2012.01.03 50
2012.01.17 50
2012.01.18 50
2012.01.23 50
2012.01.28 50
2012.02.11 50
2012.03.06 50
2012.07.01 50
2012.07.24 50
2012.08.08 50
2012.10.14 50
2012.10.21 50
2012.11.26 50
2012.12.18 50
2012.12.26 50
2013.02.05 50
2013.02.18 50
2013.03.10 50
2013.03.18 50
2013.03.24 50
2013.04.30 50
2013.05.14 50
2013.07.03 50
2013.07.06 50
2013.07.11 50
2013.08.18 50
2013.10.15 50
2013.10.27 50
2013.11.17 50
2013.11.19 50
2013.12.02 50
2013.12.08 50
2014.01.21 50
2014.01.28 50
2014.02.13 50
2014.03.12 50
2014.03.24 50
2014.05.07 50
2014.07.03 50
2014.07.13 50
2014.07.14 50
2014.07.19 50
2014.08.03 50
2014.08.17 50
2014.09.30 50
2014.10.14 50
2014.10.26 50
2014.11.01 50
2014.12.12 50
2015.01.04 50
2015.01.16 50
2015.01.19 50
2015.02.04 50
2015.05.02 50
2015.07.02 50
2015.07.18 50
2015.07.21 50
2015.07.25 50
2015.08.12 50
2015.08.27 50
2015.10.03 50
2015.10.18 50
2015.10.24 50
2015.11.02 50
2015.11.14 50
2015.11.28 50
2015.12.12 50
2016.01.26 50
2016.02.12 50
2016.02.16 50
2016.03.21 50
2016.05.19 50
2016.07.14 50
2016.07.18 50
2016.07.25 50
2016.08.22 50
2016.08.23 50
2016.08.26 50
2016.10.19 50
2017.01.09 50
2017.02.02 50
2017.02.10 50
2017.02.22 50
2017.03.08 50
2017.03.23 50
2017.07.01 50
2017.07.28 50
2017.08.03 50
2017.08.09 50
2017.08.17 50
2017.08.27 50
2017.08.28 50
2017.09.30 50
2017.10.12 50
2017.11.11 50
2017.12.09 50
2017.12.27 50
2018.01.14 50
2018.02.07 50
2018.07.10 50
2018.07.16 50
2018.07.26 50
2018.08.14 50
2018.08.27 50
2018.09.30 50
2018.10.19 50
2018.11.08 50
2018.11.10 50
2018.11.20 50
2018.11.24 50
2018.11.27 50
2018.12.17 50
2019.01.18 50
2019.02.02 50
2019.02.06 50
2019.03.04 50
2019.03.07 50
2019.03.14 50
2019.03.21 50
2019.05.08 50
2019.05.09 50
2019.05.21 50
2019.05.25 50
2019.05.28 50
2019.07.04 50
2019.07.11 50
2019.07.16 50
2019.08.09 50
2019.10.01 50
2019.10.03 50
2019.10.09 50
2019.10.12 50
2019.11.10 50
2019.11.17 50
2019.11.18 50
2019.11.21 50
2019.11.23 50
2019.11.25 50
2020.01.24 50
2020.02.01 50
2020.02.12 50
2020.02.23 50
2020.02.26 50
2020.03.20 50
2020.03.26 50
2020.05.04 50
2020.05.21 50
2020.07.17 50
2020.07.18 50
2020.08.11 50
2020.10.02 50
2020.10.23 50
2020.11.10 50
2020.11.17 50
2020.11.22 50
2020.12.02 50
2020.12.19 50
2021.01.06 50
2021.01.07 50
2021.01.10 50
2021.02.23 50
2021.02.24 50
2021.03.07 50
2021.03.24 50
2021.05.10 50
2021.05.22 50
2021.05.24 50
2021.07.23 50
2021.08.23 50
2021.10.07 50
2021.10.11 50
2021.10.17 50
2021.10.21 50
2021.11.06 50
2021.12.07 50
2021.12.24 50
2022.01.11 50
2022.01.16 50
2022.02.25 50
2022.03.11 50
2022.03.12 50
2022.03.15 50
2022.03.22 50
2022.05.02 50
2022.05.06 50
2022.05.10 50
2022.05.23 50
2022.05.24 50
2022.06.30 50
2022.07.21 50
2022.08.02 50
2022.08.14 50
2022.08.15 50
2022.08.23 50
2022.10.27 50
2022.11.04 50
2022.11.08 50
2022.12.14 50
2022.12.15 50
2022.12.18 50
2022.12.26 50
2023.01.23 50
2023.02.12 50
2023.02.15 50
2023.02.16 50
2023.02.19 50
2023.02.27 50
2023.03.10 50
2023.05.19 50
2023.05.23 50
2023.07.11 50
2023.07.20 50
2023.08.11 50
2023.08.26 50
2023.10.12 50
2023.10.18 50
2023.11.14 50
2023.11.15 50
2023.11.21 50
2023.11.23 50
2023.12.20 50
2021.09.30 40
2023.06.30 40
2010.02.15 20
2010.02.27 20
2010.03.03 20
2010.03.24 20
2010.05.28 20
2010.07.25 20
2010.10.22 20
2011.01.17 20
2011.01.21 20
2011.03.16 20
2011.03.25 20
2011.10.12 20
2011.11.02 20
2011.12.15 20
2012.02.04 20
2012.05.21 20
2012.07.09 20
2012.08.04 20
2012.08.16 20
2012.08.21 20
2012.10.02 20
2012.10.28 20
2012.11.16 20
2013.01.01 20
2013.01.11 20
2013.02.14 20
2013.05.02 20
2013.08.09 20
2013.08.16 20
2013.10.24 20
2013.11.26 20
2013.12.22 20
2013.12.27 20
2014.01.02 20
2014.03.20 20
2014.04.30 20
2014.12.06 20
2015.01.21 20
2015.05.15 20
2015.09.30 20
2015.10.08 20
2015.10.09 20
2016.01.27 20
2016.03.05 20
2016.05.12 20
2016.08.18 20
2016.10.20 20
2016.12.12 20
2017.01.08 20
2017.01.25 20
2017.01.27 20
2017.10.18 20
2018.02.24 20
2018.07.06 20
2018.07.08 20
2018.08.18 20
2018.10.02 20
2018.12.03 20
2018.12.05 20
2019.01.04 20
2019.01.06 20
2019.03.20 20
2019.03.28 20
2019.07.15 20
2019.12.12 20
2019.12.14 20
2020.02.13 20
2020.02.24 20
2020.02.27 20
2020.08.09 20
2020.08.17 20
2020.10.26 20
2020.11.13 20
2021.01.01 20
2021.01.13 20
2021.01.19 20
2021.05.17 20
2021.07.04 20
2021.08.01 20
2021.11.11 20
2022.01.26 20
2022.02.01 20
2022.11.12 20
2023.01.11 20
2023.04.30 20
2023.05.22 20
2023.07.03 20
2023.11.17 20
2023.12.16 20