27590
2010.04.30 430
2023.09.30 310
2013.04.30 300
2016.06.30 300
2017.09.30 300
2019.06.30 280
2017.06.30 250
2016.09.30 220
2020.06.30 220
2014.06.30 210
2012.09.30 200
2013.06.30 200
2014.04.30 200
2017.04.30 200
2011.06.30 190
2019.09.30 190
2011.09.30 170
2012.06.30 170
2015.04.30 170
2016.04.30 160
2018.09.30 160
2020.04.30 150
2021.09.30 150
2022.06.30 150
2021.06.30 140
2022.09.30 140
2020.09.30 130
2021.04.30 130
2023.04.30 130
2010.09.30 120
2022.04.30 120
2014.02.15 110
2011.08.16 100
2014.01.17 100
2015.09.30 100
2016.02.14 100
2019.02.04 100
2010.06.30 90
2011.11.05 90
2012.04.30 90
2014.09.30 90
2018.06.30 90
2018.10.08 90
2019.04.30 90
2011.04.30 80
2018.04.30 80
2010.01.24 70
2011.01.16 70
2011.03.27 70
2011.11.10 70
2012.03.14 70
2012.05.19 70
2013.01.15 70
2013.10.26 70
2013.11.11 70
2014.02.09 70
2015.07.25 70
2015.12.06 70
2016.01.26 70
2016.03.12 70
2016.07.18 70
2016.10.25 70
2018.02.08 70
2018.03.28 70
2018.10.01 70
2018.12.24 70
2019.01.01 70
2019.01.18 70
2020.01.10 70
2020.01.12 70
2020.02.16 70
2020.03.14 70
2020.05.19 70
2020.10.27 70
2021.10.10 70
2023.01.11 70
2013.09.30 60
2013.10.21 60
2021.12.06 60
2010.03.22 50
2010.05.27 50
2010.07.07 50
2010.07.10 50
2010.08.16 50
2010.10.11 50
2010.11.18 50
2010.12.03 50
2010.12.16 50
2011.03.23 50
2011.05.20 50
2011.07.16 50
2011.08.05 50
2011.08.17 50
2011.10.19 50
2011.10.22 50
2011.11.16 50
2011.11.19 50
2011.11.23 50
2011.12.05 50
2012.01.23 50
2012.02.02 50
2012.02.04 50
2012.07.28 50
2012.08.12 50
2012.08.21 50
2012.08.28 50
2012.10.05 50
2012.10.07 50
2012.11.07 50
2012.11.20 50
2012.11.21 50
2012.12.02 50
2012.12.16 50
2012.12.19 50
2013.02.28 50
2013.03.09 50
2013.05.02 50
2013.07.17 50
2013.08.14 50
2013.08.28 50
2013.10.02 50
2013.11.23 50
2014.01.26 50
2014.03.23 50
2014.07.11 50
2014.10.17 50
2015.01.07 50
2015.01.23 50
2015.01.27 50
2015.02.15 50
2015.02.20 50
2015.03.21 50
2015.05.10 50
2015.07.18 50
2015.08.09 50
2015.10.08 50
2015.11.21 50
2015.12.05 50
2015.12.10 50
2015.12.26 50
2016.03.23 50
2016.03.24 50
2016.07.16 50
2016.07.21 50
2016.08.01 50
2016.08.07 50
2016.11.03 50
2016.11.09 50
2016.11.19 50
2016.12.16 50
2016.12.28 50
2017.01.23 50
2017.02.10 50
2017.03.16 50
2017.05.16 50
2017.05.24 50
2017.12.16 50
2017.12.27 50
2018.02.01 50
2018.02.13 50
2018.08.06 50
2018.11.22 50
2018.12.07 50
2018.12.08 50
2018.12.10 50
2018.12.22 50
2019.02.18 50
2019.03.24 50
2019.03.25 50
2019.03.28 50
2019.07.21 50
2019.08.04 50
2019.08.26 50
2019.10.19 50
2019.12.02 50
2019.12.21 50
2019.12.25 50
2019.12.26 50
2020.01.25 50
2020.03.16 50
2020.03.22 50
2020.05.15 50
2020.07.03 50
2020.08.15 50
2020.08.24 50
2020.10.10 50
2020.10.13 50
2020.11.03 50
2020.11.08 50
2020.11.27 50
2021.01.17 50
2021.01.18 50
2021.02.10 50
2021.02.17 50
2021.03.17 50
2021.03.28 50
2021.07.17 50
2021.08.18 50
2021.10.02 50
2021.10.12 50
2021.11.28 50
2021.12.01 50
2022.01.14 50
2022.01.22 50
2022.02.12 50
2022.03.23 50
2022.03.28 50
2022.07.12 50
2022.08.19 50
2022.10.02 50
2022.10.21 50
2023.01.06 50
2023.01.22 50
2023.02.16 50
2023.03.07 50
2023.03.10 50
2023.03.12 50
2023.03.22 50
2023.05.27 50
2023.07.25 50
2023.08.09 50
2023.08.14 50
2023.10.04 50
2023.10.10 50
2023.10.12 50
2023.10.18 50
2023.11.09 50
2023.11.11 50
2023.11.28 50
2010.01.17 40
2010.03.10 40
2010.05.09 40
2010.08.13 40
2010.11.08 40
2011.07.20 40
2012.03.21 40
2012.10.11 40
2012.10.13 40
2013.05.07 40
2013.10.28 40
2014.01.19 40
2014.03.12 40
2014.05.15 40
2014.05.20 40
2014.05.23 40
2014.10.19 40
2014.10.25 40
2015.05.16 40
2015.08.21 40
2015.12.01 40
2015.12.24 40
2016.03.21 40
2016.05.03 40
2017.10.21 40
2018.01.25 40
2018.02.20 40
2018.12.03 40
2019.11.13 40
2020.03.15 40
2020.03.25 40
2020.11.14 40
2021.03.12 40
2021.08.14 40
2022.08.15 40
2023.03.23 40
2023.06.30 40
2010.01.06 20
2010.01.08 20
2010.01.10 20
2010.01.11 20
2010.01.22 20
2010.01.23 20
2010.02.20 20
2010.03.07 20
2010.03.09 20
2010.03.21 20
2010.03.25 20
2010.05.01 20
2010.05.03 20
2010.05.16 20
2010.05.22 20
2010.07.17 20
2010.07.26 20
2010.08.17 20
2010.08.27 20
2010.10.17 20
2010.11.05 20
2010.11.06 20
2010.11.12 20
2010.11.15 20
2010.11.17 20
2010.11.24 20
2010.11.25 20
2010.12.07 20
2010.12.18 20
2010.12.20 20
2010.12.24 20
2010.12.25 20
2011.01.05 20
2011.01.14 20
2011.02.21 20
2011.02.26 20
2011.03.02 20
2011.03.04 20
2011.03.06 20
2011.03.15 20
2011.03.16 20
2011.03.17 20
2011.05.04 20
2011.05.05 20
2011.05.07 20
2011.05.15 20
2011.05.22 20
2011.07.06 20
2011.07.26 20
2011.08.04 20
2011.08.22 20
2011.08.26 20
2011.10.08 20
2011.10.15 20
2011.11.13 20
2011.11.17 20
2011.11.22 20
2011.11.26 20
2011.12.04 20
2011.12.09 20
2011.12.21 20
2011.12.22 20
2012.01.01 20
2012.01.04 20
2012.02.05 20
2012.02.18 20
2012.03.02 20
2012.03.16 20
2012.03.25 20
2012.05.02 20
2012.05.11 20
2012.05.12 20
2012.05.21 20
2012.05.25 20
2012.07.07 20
2012.07.13 20
2012.07.24 20
2012.08.15 20
2012.10.03 20
2012.10.23 20
2012.10.25 20
2012.11.12 20
2012.11.14 20
2012.12.04 20
2013.01.05 20
2013.01.13 20
2013.01.20 20
2013.01.23 20
2013.02.03 20
2013.02.06 20
2013.02.10 20
2013.02.11 20
2013.02.13 20
2013.02.15 20
2013.02.17 20
2013.02.18 20
2013.02.22 20
2013.03.07 20
2013.03.08 20
2013.03.13 20
2013.03.14 20
2013.03.16 20
2013.03.19 20
2013.05.11 20
2013.05.15 20
2013.05.23 20
2013.07.01 20
2013.07.10 20
2013.07.12 20
2013.07.18 20
2013.07.25 20
2013.08.08 20
2013.08.17 20
2013.08.21 20
2013.08.25 20
2013.10.01 20
2013.10.04 20
2013.10.07 20
2013.10.10 20
2013.10.13 20
2013.10.17 20
2013.10.18 20
2013.11.03 20
2013.11.17 20
2013.12.03 20
2013.12.08 20
2013.12.15 20
2013.12.25 20
2013.12.28 20
2014.01.08 20
2014.01.13 20
2014.01.14 20
2014.01.18 20
2014.02.04 20
2014.02.08 20
2014.02.17 20
2014.02.25 20
2014.03.01 20
2014.03.04 20
2014.03.20 20
2014.03.24 20
2014.05.01 20
2014.05.03 20
2014.05.13 20
2014.05.19 20
2014.07.10 20
2014.08.09 20
2014.08.16 20
2014.10.13 20
2014.10.16 20
2014.11.05 20
2014.11.08 20
2014.11.10 20
2014.11.22 20
2014.11.27 20
2014.12.02 20
2014.12.23 20
2014.12.27 20
2014.12.28 20
2015.01.02 20
2015.01.10 20
2015.01.13 20
2015.01.16 20
2015.02.05 20
2015.02.08 20
2015.02.25 20
2015.03.10 20
2015.03.15 20
2015.03.20 20
2015.05.06 20
2015.05.23 20
2015.06.30 20
2015.07.10 20
2015.07.26 20
2015.08.11 20
2015.08.23 20
2015.10.03 20
2015.10.15 20
2015.11.01 20
2015.11.06 20
2015.11.18 20
2015.11.25 20
2015.11.28 20
2015.12.15 20
2015.12.20 20
2016.01.02 20
2016.01.08 20
2016.01.14 20
2016.02.01 20
2016.02.03 20
2016.02.10 20
2016.02.12 20
2016.02.15 20
2016.02.25 20
2016.03.09 20
2016.03.16 20
2016.03.20 20
2016.03.27 20
2016.05.04 20
2016.05.09 20
2016.05.17 20
2016.07.02 20
2016.07.04 20
2016.07.23 20
2016.08.03 20
2016.08.14 20
2016.08.28 20
2016.10.01 20
2016.11.11 20
2016.11.22 20
2016.11.23 20
2016.11.25 20
2016.12.04 20
2016.12.06 20
2016.12.17 20
2016.12.20 20
2016.12.27 20
2017.01.04 20
2017.01.17 20
2017.01.18 20
2017.01.19 20
2017.02.04 20
2017.02.05 20
2017.02.16 20
2017.02.20 20
2017.03.08 20
2017.03.09 20
2017.03.11 20
2017.03.18 20
2017.05.05 20
2017.05.06 20
2017.05.09 20
2017.05.13 20
2017.07.05 20
2017.07.18 20
2017.08.14 20
2017.08.27 20
2017.10.15 20
2017.10.17 20
2017.10.19 20
2017.10.20 20
2017.10.22 20
2017.11.01 20
2017.11.04 20
2017.11.05 20
2017.11.08 20
2017.11.26 20
2017.11.28 20
2017.12.04 20
2018.02.09 20
2018.02.11 20
2018.02.12 20
2018.02.16 20
2018.02.17 20
2018.02.26 20
2018.03.02 20
2018.03.07 20
2018.03.08 20
2018.03.12 20
2018.03.19 20
2018.03.25 20
2018.03.26 20
2018.05.08 20
2018.05.14 20
2018.05.16 20
2018.05.25 20
2018.07.02 20
2018.07.06 20
2018.07.11 20
2018.07.14 20
2018.07.15 20
2018.07.16 20
2018.08.02 20
2018.08.09 20
2018.08.19 20
2018.08.24 20
2018.10.10 20
2018.10.22 20
2018.10.25 20
2018.10.27 20
2018.11.01 20
2018.11.03 20
2018.11.06 20
2018.11.08 20
2018.11.09 20
2018.11.12 20
2018.11.18 20
2018.11.25 20
2018.12.01 20
2018.12.04 20
2018.12.16 20
2018.12.20 20
2019.01.02 20
2019.01.03 20
2019.01.17 20
2019.01.21 20
2019.02.08 20
2019.02.13 20
2019.02.17 20
2019.02.20 20
2019.02.26 20
2019.03.15 20
2019.03.20 20
2019.05.05 20
2019.05.17 20
2019.07.01 20
2019.07.07 20
2019.07.09 20
2019.07.11 20
2019.07.16 20
2019.08.20 20
2019.10.17 20
2019.10.18 20
2019.10.23 20
2019.10.24 20
2019.10.26 20
2019.11.07 20
2019.12.14 20
2019.12.28 20
2020.01.01 20
2020.01.17 20
2020.01.19 20
2020.01.27 20
2020.02.21 20
2020.02.22 20
2020.02.25 20
2020.03.12 20
2020.05.13 20
2020.07.04 20
2020.07.12 20
2020.07.24 20
2020.07.25 20
2020.07.27 20
2020.08.01 20
2020.08.02 20
2020.08.11 20
2020.08.26 20
2020.10.03 20
2020.10.08 20
2020.10.17 20
2020.11.10 20
2020.11.12 20
2020.11.15 20
2020.11.16 20
2020.11.18 20
2020.12.13 20
2020.12.19 20
2020.12.26 20
2021.01.07 20
2021.01.08 20
2021.01.19 20
2021.02.03 20
2021.02.20 20
2021.02.23 20
2021.02.26 20
2021.02.28 20
2021.03.03 20
2021.03.15 20
2021.05.18 20
2021.07.10 20
2021.07.26 20
2021.08.13 20
2021.08.15 20
2021.08.20 20
2021.08.24 20
2021.08.27 20
2021.10.15 20
2021.10.16 20
2021.11.04 20
2021.11.05 20
2021.11.08 20
2021.11.16 20
2021.11.22 20
2021.11.24 20
2021.12.04 20
2021.12.27 20
2022.01.16 20
2022.01.17 20
2022.02.01 20
2022.02.02 20
2022.02.16 20
2022.02.19 20
2022.02.26 20
2022.03.05 20
2022.03.06 20
2022.03.07 20
2022.03.10 20
2022.03.14 20
2022.03.17 20
2022.05.03 20
2022.05.05 20
2022.05.08 20
2022.05.11 20
2022.07.13 20
2022.07.17 20
2022.07.20 20
2022.08.05 20
2022.08.08 20
2022.08.09 20
2022.08.16 20
2022.10.09 20
2022.10.12 20
2022.10.14 20
2022.11.19 20
2022.11.21 20
2022.12.01 20
2022.12.13 20
2022.12.16 20
2022.12.18 20
2022.12.20 20
2023.01.03 20
2023.01.08 20
2023.01.09 20
2023.01.15 20
2023.01.19 20
2023.01.20 20
2023.02.28 20
2023.03.01 20
2023.03.08 20
2023.03.13 20
2023.03.28 20
2023.05.22 20
2023.07.27 20
2023.07.28 20
2023.08.13 20
2023.08.17 20
2023.08.18 20
2023.08.26 20
2023.10.25 20
2023.10.27 20
2023.10.28 20
2023.11.23 20
2023.11.27 20
2023.12.01 20
2023.12.21 20
2023.12.24 20
2023.12.26 20