37 61
50 19
74 32
20 94
97 18
60 63
47 60
93 59
96 42
37 64
95 52
47 70
99 63
60 47
49 61
23 12
68 64
67 75
6 73
78 53
31 33
96 12
21 76
41 51
64 5
33 87
12 16
88 67
75 86
26 69
41 33
55 35
59 63
13 14
77 64
14 49
25 69
8 34
37 74
64 65
32 72
97 54
37 40
95 11
20 17
51 76
15 60
5 72
43 21
54 95
18 82
66 51
61 64
73 19
55 59
7 37
73 87
19 56
73 20
82 72
78 51
94 95
48 47
35 56
88 31
90 94
56 46
11 34
24 91
69 53
61 10
88 96
26 72
14 14
94 73
65 28
81 35
40 11
36 18
62 98
72 33
31 71
8 86
5 59
73 44
76 33
33 50
56 48
6 56
12 46
10 48
61 43
58 61
90 27
43 44
43 68
63 46
17 33
76 8
75 20
