24 98
67 25
78 23
33 16
78 75
70 73
83 93
86 71
83 17
67 48
71 87
38 26
21 10
14 80
72 61
17 59
87 11
65 61
25 97
65 46
59 52
59 87
96 66
83 63
71 16
85 57
9 60
54 17
50 51
51 43
76 63
52 83
64 82
39 7
78 42
22 34
35 44
93 56
11 37
43 14
38 35
48 35
78 42
47 92
26 49
46 16
47 26
20 10
58 91
76 95
30 21
10 79
8 72
24 41
61 37
32 41
90 97
9 63
76 22
76 39
18 63
12 60
86 5
56 64
79 22
77 40
59 95
45 91
31 55
29 53
21 16
63 67
17 53
91 24
53 27
51 52
63 35
48 8
13 55
36 84
6 29
82 76
69 6
87 13
75 72
78 86
95 19
22 51
34 53
27 89
52 36
56 5
40 68
62 98
86 28
57 84
63 13
45 95
54 82
99 75
