57 37
10 9
20 31
54 8
45 47
11 70
44 95
31 27
87 75
32 16
37 9
4 38
55 100
40 8
86 12
32 17
6 86
83 34
69 95
79 68
67 91
41 21
20 34
23 81
32 61
27 76
39 13
20 75
41 9
86 27
65 4
63 17
88 43
88 29
74 89
60 25
77 90
49 95
52 48
62 93
27 90
3 16
74 86
8 97
28 68
26 55
47 57
6 30
24 19
35 70
18 84
90 52
45 27
54 30
80 96
71 95
7 45
64 10
66 97
28 51
52 39
21 25
30 73
32 49
10 61
95 71
21 12
70 56
57 91
85 99
71 96
37 11
44 61
43 82
27 83
35 72
2 71
74 62
63 48
10 29
21 56
26 92
40 23
76 36
72 43
22 19
38 43
26 17
12 39
40 5
21 17
29 52
28 0
40 92
53 67
28 45
87 6
86 58
83 23
74 54
