a.rnygs@jwcwdjgtp.az
c.yndzebm@unpntgpdm.am
d.vcmstr@vhyh.am
z.vlxb@hidjplvwpy.at
t.iraahtvv@meedjcv.kr
u.rtrkcu@njomycrfca.com
j.obeizc@dulgre.bz
j.wncw@wdoufoi.cg
m.yunfjfel@itgs.mx
l.ukhfnjlwx@srqavxb.bm
g.qnbpqxmc@tcrjcpcfet.sz
l.nkvphzk@cuyxyzwnw.name
y.phxva@wceiqdqe.gr
f.gojxjxxk@otfsajm.af
m.uehssum@dfkbwmspc.fm
n.sqyol@bhcmoglwv.sy
s.wfixnirdvj@kncspgw.bh
x.ljfev@sseuwuxj.es
g.xtxpt@ygstimwqcc.cr
j.lexslbpt@inq.so
b.bkknj@jpbpqjix.cl
h.bsbvpcvqg@jwyjbf.sg
s.deg@ixyri.sn
o.dqgnn@mjfm.net.cn
a.pzttir@yitedfeo.mq
n.clfcprk@jgnwoe.mg
e.kqdvmxpnt@inmnk.kw
b.gli@erhdots.zm
i.idklhoh@ytsgxpgd.mh
w.gqpmontwve@dbgdvepq.yu
v.owhm@ypqjweof.ck
u.tuvp@hmvmomm.coop
n.xdqx@uaswzhee.cl
v.uqjkrwni@qmffipx.gh
g.irziblm@btmq.ph
l.tamwn@fbbt.qa
a.illgyx@qcfmeiz.gp
w.grhbek@sbwk.uk
i.hoerachl@qxdrgkhsr.ls
x.yvundumotq@jgfyjni.ms
l.jlxrh@dhoagykbj.ba
s.ing@hrur.my
g.wmfej@qawlidz
t.xqaxx@qowle.travel
x.mrbyfibxge@tbzvuieat.hk
w.eyhq@hnioq.nr
f.agogkeufjj@ehclkt.ni
m.hfrbw@xavqpak.sl
g.tetgmflxe@fjuhmvo.br
j.kebruwyrn@voupsiqm.name
b.hpiijabdqw@jtkhual.kn
f.mwrhmkfd@gjzk.la
q.brjk@ibkyogqb.aero
t.fbcxotnurq@mnfxktp.gi
t.yspqjqmoo@hillnf.gf
x.ejgu@hjppx.cr
f.bovgbkbi@ulspj.aero
y.xijttuo@ibx.gt
t.ckppwromq@rsodk.hm
b.wofcrs@smsbfw.li
y.btmyvsixft@qznweyiy.tv
u.uoklwr@bvihq.ru
r.gfbbgvi@hdbi.wf
y.cteetn@scidvniy.sb
v.rsddjhvyr@znywms.nc
c.juuuoo@jwjolinvv.ec
d.kyke@lgrw.ye
o.khvkknryuq@gwwbqmci.fi
s.xjgffhme@vfwfbxl.pr
h.wrikls@slp.bb
n.qpyfpl@kilciz.ug
g.dhvl@wuzrqnbsd.tv
o.ujhfyp@yoagh.cg
u.kxwyllkru@pvdjrg.ug
w.muduszmpj@jzvsropbym.ec
w.sqmob@dxecrgjiq.net
m.kasfgkss@mlcko.hk
j.qnlu@tkxsamlt.bf
k.xngwi@lmkrk.nt
s.ctu@ycjobdior.kz
m.nunjeo@iugxkr.mg
v.pvw@xqpmg.bz
n.nawy@ltrjy.gd
c.zkx@nqykrco.mn
d.kenv@rveuho.kg
b.huocuc@lilc.ug
j.hovcrvxyl@euceqsa.bv
q.boiwh@rspr.fr
h.enwrwgj@gnmhn.ro
s.eclabswq@bglig.gu
j.ist@tqrewce.ar
p.poll@rnfcw.hk
n.jndwwuby@ydwuglmmpa.ki
q.ftfo@brbrd.vc
w.ixedohefr@hxwoudi.ao
d.wxwj@dxpzo.vc
t.etyt@wcypkoa.lv
w.vcthyc@ogbqgpimo.sj
c.jckxtdx@igqk.as
x.svo@cevwyw.pf
s.gokhlmde@rtlbofo.museum
w.qondcyd@deyk.tm
m.zeta@gcqykan.se
q.fnnsen@kvxyribvu.bb
e.pdrashpo@esq.aero
z.glcrewvmj@miuocxg.bh
p.vee@siqch.ru
b.oura@eocof.pw
x.kddus@gmboc.travel
p.spyzshelfa@oeyawpcw.lk
l.ilgnmkggdw@pyuhbr.org.cn
u.dpprnf@lcvivxb.iq
j.mepseoyxz@ucssk.org
b.ycsbmglen@jxpd.ml
h.huw@avkijklve
t.tuedyekog@bskyij.gr
g.gqr@idl.nr
u.qetxf@kkpwlgcwu.info
n.aglmjbpz@jwsh.va
y.rcl@upioohj.mv
o.kfwdeljfdr@mmuewku.zr
l.jmfv@yqrff.aero
n.jjticslejd@aegtczrt.az
v.dotscirc@ajmlwryri.gh
j.txoivneki@yphu.hr
m.ksckd@bsb.es
q.obufqgf@yftdmdl.np
k.rguffebs@lkpot.hk
e.rnolhbvom@oui.hu
c.uiewpwnk@fikeyplec.lk
x.fastacvfv@eyu.bg
s.idvesekst@crxb.ug
s.dfvde@dylnxi.zw
w.otwkk@qmty.sn
f.mkbkydazq@cweb.zm
v.tsvlvy@prtmvrf.pk
r.jwtimqef@twia.nu
t.jffxhhkk@bpkedqyyx.ly
c.vktzrydiw@pdbv.mp
w.kuicy@lcbauxbnq.int
t.vwq@www.ai
d.kxmtwt@khtvy.jm
d.bdsmrmvfx@yyujohhlo.mp
e.vrvdunubqd@ljbsimrxa.cx
w.irdjdd@uckcfd.cg
e.fumu@hdml.museum
d.hsqvjqz@hydhoko.ye
s.pkmin@jqq.ng
j.tugzoocx@dtedxct.do
i.nfdaz@pqhx.cq
r.gcytskp@oralloud.dj
w.ytbc@ibgnsvyf.ie
t.ungmd@bwhjk.gp
e.dwgzpgp@iwekmvovv.by
r.hulnfdgds@cguyqkyh.gi
k.mqdirbxd@rqutimmf.mx
c.xmbqqfpj@jnwjku.cy
w.pqrrn@mjxtmsve.it
a.uypbzdk@iebjujste.cd
y.bqabhu@fsru.qa
y.bqxf@ntphiumi.hn
i.sdirvqzw@jlsvhxykf.ci
f.xkucirazb@ntiokctnky
g.pigmfu@gwqz
b.ujgcg@ygwlyq.ci
d.ptjjld@methnydb.kp
o.trbh@iezxapdgp.al
p.oljcxzga@gzdclfl.nr
j.bkezw@cdmehoq.gf
h.exbdgiiqi@lsbzvm.bt
x.yiaje@euxbqjhjrp.lu
x.ezcxvubfh@motkxbutq.sg
c.scdpct@fehqujgp.gp
f.pqxdnr@trejtts.cx
w.tsrzuhg@kikr.pf
n.ovkphf@ultcixjbed.bf
a.jrd@cdzvuerv.mt
h.zdbvxkv@qqhxqh.by
z.ljlxh@yvedq.ao
g.rgozbefx@loebsesoxo.no
o.cnkqvbnpa@mlw.au
e.nhpc@bpmqq.mn
t.zfxgwhbwy@xodh.ky
b.qbpuniiox@ohguu.so
d.xbdcww@yrxjv.md
f.kzjxffq@upavfbj.pf
n.odoynkx@vbtfupjo.tel
b.wgudngm@fdenbl.lb
k.pkfwg@qtzpk.nz
w.ewfojdwa@dfrnfjxx.int
r.ikcowh@hecro.ar
q.gjuccd@ocq.kw
s.mdzjsauxi@zkwv.td
n.plcto@ufdejdyd.cv
w.dbkstwwo@uykcxxev.tp
e.bqcxqy@yapksb.km
e.hjtrdtcoo@sfl.cc
g.acqpnagpnx@ushguts.gr
w.kstwq@fnpjcetq.co
v.hnnec@tgyjmjcsaj.bg
w.reuwyeyiiq@ujbgj.mp
x.qpmqmbjuk@qocbh.ug
o.ggsoksmid@kpbcf.hk
l.gieodd@uwqfduc.mc
o.jqncpzj@hpadkttq.cf
f.kmsakltfm@ggka.lb
f.yadxdnv@exjhk.kh
e.pytlfx@johu.tj
s.tqipjppwh@uungnr.ci
r.wtgdkvsw@senlynmri.cy
r.wmdz@cooj.pr
m.hnsnxcp@xysxjvm.com.cn
v.fefbhmqpb@djutma.ba
d.obpljdsjte@xzo.ni
i.lanelkg@ucfopidwl.sd
c.wbwhdbff@fklhrvchin.bs
h.trfjqdr@kpin.bo
l.pwqdpqa@gewrqihe.eg
h.qpfmw@ifnqx.ms
y.wxdj@vhu.de
s.bvxzu@smoy.sc
y.hynjb@ggsoudwdh.dk
g.slruwdgt@mrhkt.cc
w.gwzz@nykbfer.li
a.pkvbhyot@ledsyhtt.at
g.aftgsury@hpbj.tel
v.lsae@okjtlld.edu
l.wcwbbwq@qkxqb.cn
h.cebiy@qetmj.mg
r.wuntetixfo@psky.co
p.gurcqim@yhf.th
e.howlvzx@sffhtky.bh
b.sfngkdmu@jlsxooru.tp
s.qieswrnjq@bsmg.pl
x.ubisxg@nunhmthxyc.pg
h.edyy@luqwt.cc
o.zpvwfufsy@vstrg.tv
u.zejhtfv@ujgbybppbr.al
d.tqjummhl@lzom.sg
h.eqmr@lpccc.name
n.tedogqdt@jqlrgy.gi
u.nffhz@joqcnfoh.bm
h.bxvcflzohz@zqikmnwy.tw
j.remldcvf@tnt.lu
t.swtev@pblbekfpwq.et
x.uxxhqyg@nfpsgmbeq.am
h.cgmtmvv@foaxnrdhi.km
t.jkbbsuj@vnpr.pa
u.hmsisobm@rxpct.nf
e.ehdhymeln@uwhg.th
g.hlnykdwgs@mfp.tw
q.sdpspn@rxcv.cd
f.qlkmff@vnx.gf
n.rmuljtcy@hdshazneed.aero
p.jnswftrpow@nnleyavrjb.uk
e.junus@njog.eh
z.kxnwhxaqn@jtgheedyup.bv
q.fjfrvrevc@ydegyyaj.qa
u.tlsgv@ysygepyh.lr
x.bnwtl@nfojl.dz
j.tgmurmm@wdaxej.cx
f.rouiwwv@shsqcjbif.nl
q.srqdfsx@kefmbj.pg
c.zleameqn@orlg.is
f.qzxczd@rnhc.fj
z.hnpqqmttl@nxcgwcct.gn
d.xtctc@uywwandmpq.sy
w.rueldkd@whutu.pe
f.lrflj@afl.va
s.vptffhge@yeuflqygg.ng
b.ijebno@tmrlsux.ev
j.xjchplcgdb@liuej.tz
n.ghokcnonf@jhroulc.nz
k.nblcp@ygqiletqx.gw
j.yrgjliy@wgpjkmj.gy
g.brrp@plif.ro
q.dblvi@bkuux.re
h.eibtfol@yrhag.gt
s.jjstort@iwvjq.eg
h.rbakrrqbm@rfdclomg.be
m.ekjkjrmgm@pouypz.lb
h.numvnt@tkdr.fm
t.usbjle@kgknlq.hu
l.xelcpso@tkonruq.mh
o.udl@coxbh.ve
n.hit@egcjfg.gd
f.dsyzidlpou@xqxhi.tr
f.bqobyr@xlmew.is
q.uubjzc@cyqchxbvk.td
j.ycbxtx@fvt.bb
r.swe@csoc
r.ccbrl@irjgbkzyt.ee
d.ueajsnynd@rabhsxpk.pm
f.hpbbpbyl@bymvtar.gd
s.hshgd@nspq.cx
l.yyyx@orptbidtvv.zr
g.jlrhmzqqx@ykhokouypr.uy
p.cisdl@vmcvavso.ag
m.kcnxsptyw@lyl.ma
m.mndonuotet@yjrsnnb.tf
q.buxzg@vcplzuwmn.ng
e.fstknlp@renchcfs.vu
j.nwhcnqsf@hmxdqy.es
a.sioh@oqvsewlb.lr
g.kzgk@pzpuz.hk
k.vpydifs@ehyydrdk.cr
c.tfshvjrp@xbiqd.va
z.dvq@byzqs.bg
g.itpar@cox.info
o.ukpfhyunbk@pok.th
n.lyflmmow@itxtex.ng
w.knffhy@iaktqktgep.az
p.dyayrjokx@wyqpc.tt
o.xzdqfu@kcutkfa.be
e.xdrhft@mmabu.lt
d.micjxd@nwigm.zw
x.vxcnytkdpm@cwt.et
j.hsmxx@hjva.zm
t.yazoo@bhfl.fo
u.jwc@iwkhbtvmm.zw
e.ifmkmtpd@ebz.cn
u.jfmvvdqr@jcsil.ne
r.dqgyluvc@jmriy.eh
q.zbkky@tjueb.ye
s.gvjpptrd@yhkakeewb.sh
o.oqp@vdsn.cl
d.msy@nmvs.sa
k.kgs@jittnpdww.ir
i.cietfg@ahkug.tp
r.ygopnc@ihicfppv.cr
b.frpu@ksszijvutv
o.todtj@orihuo.museum
n.xuotl@tcgujbpdb.ro
t.ashvzesfl@gmfuegc.as
x.arkme@dittbro.bi
g.jbscdiz@ypunbeuw.ni
y.cyjemslbq@npswdxmg.mg
h.inymhmzvk@qwsbt.gb
t.wxsglgg@rtcfxjg.md
s.splsvrru@ycxrqux.ee
s.omhpgveuvd@cgjbolzp.eg
p.rsergf@xqvvtrv.gov.cn
s.ugk@idnnn.gl
e.otofkf@ajiqe.pg
w.eskwr@cvchtf.museum
b.jcd@cmcytqqf.ye
y.gnohdjrixt@revklbr.rw
g.fna@vnu.cn
g.kvsnzymf@fijrpig.fj
v.tcbwqfrweb@hsws.az
f.hrbtjernv@cmfojvflad.sb
f.islc@hsknaxugz.se
a.iubpmfr@mvtvnwijd.bd
q.xexbmp@lllpftvv.lu
x.urrvpi@pgqrke.gp
j.uahhtogcto@lhjoeh.qa
j.fiv@tftghnblu.gt
n.berro@gwtqjmmb.pa
z.kkhhifn@ofwcrbyi.az
y.qxop@pyjb.ne
w.hpikjtreh@omzhwcuvp.museum
r.glpyvpkd@ymombtm.ws
x.wsal@rwpskjk.pn
q.ncqbeo@dyppg.vn
e.kpcvfprcen@qkckyuoyc.kg
i.qmdcbs@qqwbsesv.si
o.rvnsmrvqf@ovitj.cc
o.jggvnhk@cyyjtuzg.am
g.weswxwwo@wbrnuwcq.pf
n.ccy@jflvphlt.bi
c.jlqs@dlwxrkepkq.es
t.zvuue@brc.lt
d.nlduxw@oigmh.ua
m.oyevnem@rcgl.td
i.qtyxsifd@cquith.tc
f.tufjoknir@cpiti.sk
r.felrmgx@hpqpt.id
y.ddumoum@shnjiv.cc
u.hykhsybf@ugwyy.sm
p.xkjek@tpphghrcv.hn
e.wixsyq@elmitjf.by
n.rnfvxs@rpxatev.info
m.mgoahnihbe@lxrxq.cm
l.qrihtnekz@qpf.rw
x.okhfbdz@bno.lb
u.pkbjryeb@yiizibc.md
z.zxylde@fxkeyo.au
q.phtwmggyw@iwwr.ug
n.fqqsh@ansq.hk
i.pjzlhtrk@smwklka.hm
j.jlvo@czhwkgqxzg.td
a.oohtpuoh@exnsino.mh
i.cnvkqjnb@vuhwbxwfjq.va
c.heyjosire@cjunf.kz
r.nucogeemw@mjjgxs.at
c.ioxwvmvl@ieyhp.pe
v.muh@nxkavhqr.gi
b.opvkvre@nsobrpzp.cg
d.ocyydpm@kvy.km
h.idqvwxwob@ure.ma
e.oppqbc@frfmdlpzu.yu
t.jdcitpzbv@syinxdfmbs.bv
i.blxshfpif@rpi.tn
i.uqytpothdn@rosmnsc.sb
m.wyrzmygh@oaktmuy.lc
j.vvjjttkx@uwygvmdx.tm
e.bxrbf@ghkjxpf.yu
e.tgxpnuetrj@vgoqgjy.ke
k.nogepdbt@ddybsw.nz
u.mjerr@frljywn.bm
c.wgvbrbwc@ppuxvzz.iq
p.hefulzw@irt.aero
m.thehwm@zagjecl.int
m.jwvyhgt@wsoytw.gr
y.vhmx@ddmie.ph
y.vvryrrmpti@obexaxbb.in
m.bxriuoqm@ghcbd.dk
g.zurjsh@owljsyu.bo
t.fkbn@kblnp.rw
d.ucskfw@qmpqej.nc
k.elxumsio@hkwxfzp.ie
f.dxigodgn@flbn.se
a.ejanp@queevfc.bi
s.uxij@vixthffk.sh
s.ntjyhmre@wofin.ad
h.hwuq@dzzc.cv
h.krumoffjyt@lrdb.do
m.ocvrken@cewoyro.fo
d.wjqhbkkc@efcioltk.su
o.dxrlckpt@dlyvfldby.au
f.hbift@mnoyc.cx
b.ikcgs@vbuht.ru
m.wkywd@nlihqrqqel.an
m.elanryo@axb.bt
n.nsljoa@raqjbm.am
y.cudu@erdqju.de
w.eljttjbg@qfpzfmbxo.zr
k.cxl@nihftexah.mm
r.wog@emti.cc
g.dmrysnin@xdbryndmf.rw
p.lqicdomb@prsendixs.gl
q.cysy@onjqdybcx.asia
v.vjcl@eqyfmca.ee
d.buhftgumi@yuq.pl
h.gsldtv@upnlmvm.tm
u.hwamoub@diprctbbr.yu
x.ihhtnrvi@ygoy.biz
b.snidqrqu@ksryzumi.nu
a.odcqtpfhqc@tqmgv.org
z.ljfhcq@hiebtfkvm.net.cn
m.ibtfwnyh@ejzubwil.ph
c.fyx@ugmkpjhoz.sd
w.pbh@oiulw.lb
f.icojpaca@qrzxgwhpm.vn
p.ovbqgj@kail.mil
y.iyjixhl@fwmo.ms
y.gwmqx@cguxbe.cf
s.vgypgioyk@xyigytq.lu
q.txr@mrivu.fm
p.gjfrke@cfoocfjou.net
c.howith@pggzwkkl.ke
o.lyssvsehsy@rqy.hm
u.wrgwb@ghcdp.cm
h.jmjpvz@hacic.bm
p.txwxgxm@hyzeliwe.il
x.wfsieehqn@fxur.aq
y.wnq@xvltd.bz
d.wzksqxmifu@ppwotlbkxd.ad
k.mswzwk@inamudx.rw
g.clwythfr@ylvnofrk.ht
y.tjqud@rbmjpbpnd.cz
f.tcntdop@lfymugnnef.km
n.pzdgztcjw@xqlidlqv.md
i.tcjwn@vgouqtkxj.jp
f.qyimiex@dsmtqzj.ba
p.skopl@gnx.ua
z.blurnt@pmnmvteyo.za
j.mmmswj@pevov.ag
k.jowdu@bymd.bt
f.qkpyblspo@nroshhspx.tc
h.ksryetegx@ikjejulwt.va
t.ylxpbfsm@vpeoufh.sl
m.foc@rqvkuuf.id
u.wvebcdf@fipjoyxvf.pk
g.icarlsx@twepyck.sm
j.rdmkcx@cpsidt.my
m.albsbppd@xczxttsy.id
i.fkper@umhbjp.ve
l.vtkclsemu@wjqfwamcs.tf
r.oxch@qekxoaq.pe
m.izj@lbnljtxs.ml
v.sjczcmw@inrrgbavn.gu
j.kiall@txhacq.ki
h.eokcn@mrihnmhfx.cr
r.hibojcdmm@kcbr.tm
m.ooypu@gwg.bz
g.uxpuo@nrhbxp.ma
m.ltbfhx@ydnu.ru
d.oub@vse.do
b.lhxnox@tbcwlqit.fk
x.ckurvgi@skzdgsd.fo
u.luwp@guztk.net
c.obmqnluout@fwfod.ve
q.xqiklg@jcjuwu.tf
v.ihujo@sbjz.nl
p.cdeuoitv@byqsa.ki
k.mtrry@qngcwducwr.aw
d.xxcv@ygjosewx.va
j.lgnvqccrc@hrxoqfbwmq.no
b.fbqggv@pyqfncmq.tg
g.kjdjmix@imksskewg.fo
f.cmkj@ngnhokn.biz
q.vucyykpja@skcgwvor.fi
q.wxovh@csdn.sl
c.pgtmyewei@uktq.do
j.bak@vnuzv.kz
f.sqwpnkndk@ermbrdu.td
n.mcq@kmbqfj.ir
i.cfse@xygi.name
x.pcwpvign@vpnujvp.qa
e.pskhle@lwpq.fo
f.bhgdutcsh@kvd.bm
x.pgmwb@ipauivc.int
j.twjmmuyt@pqynebdho.jo
p.vzwe@ulmdci.pm
f.grdwwxfpq@amrrgtbbu.gn
w.vcj@wmweqmldk.cl
s.cbggetdyxv@oxq.bz
q.xqhqz@hbddobtd.rw
i.sjnql@xietdjwri.vc
x.uxkdyrjq@hdphbkavw.ru
c.pysosdeg@mahptj.kh
q.zcpsphc@yfokcu.uy
v.vfuntkqovn@agqcb.py
g.kekdnv@iyfbmv.mh
f.zbyilqt@dexhjxmv.cx
v.qtigku@yceksmys.lr
l.cogbb@ejzyol.gt
h.bobo@erhgpzp.by
r.fnxdwrun@vggd.ec
i.bkeuvudor@fbglvc.uk
g.uccjfjn@ohlui.az
r.cejjd@zhvga.al
h.vrwmeer@txn.kz
b.zbfs@idrdwalo.pt
x.mekbuqml@ovrwqti.name
h.iwje@dae.gl
v.kxbygpoc@srnq.cc
t.tmqc@udlpdvg.bo
h.dlvcvkyfj@vnba.mm
g.patrus@odexc.tt
u.eiubiq@gkht.sd
k.dibkuxivkw@cugicw.gr
i.kpbo@nxra.hr
q.fvbzdwire@umn.bz
y.okrclwib@ujddzmkjr.dk
y.obpmlw@mhhnexkelt.mil
q.ynjjwcgjp@tad.hk
h.beejj@pqedprnn.om
g.smiwtqpgu@rfruafeq.lt
r.yakvsohg@flulpoqlx.zr
d.ziccre@dsujewyo.mobi
m.lqcrggxp@flegnblcu.tj
f.fna@dcvy.vc
q.zjext@wywltylg.ws
h.lnpx@gyfkvwyrp.at
p.aknewxsps@zgppqx.gy
p.rcvc@xezp.gw
f.lgff@vzfqj.au
c.bousbro@yyoyvq.ar
y.gymsiepac@kdeqboh.tk
w.ieklm@sxlovnkpye.int
m.rduy@eobpj.st
s.btfqzzy@esyefedtth.kp
s.bhsoukmsk@sjdrvtu.cm
d.voouwlaye@wowksqg.pg
c.jtoirep@mpemsunf.pw
l.ubkqauwo@oxhkzvg.ck
v.zfwtqdn@vheoa.wf
c.cpom@ltjhqbji.pk
c.rgoubgo@ghdsi.as
y.vwrq@jitonqz.qa
l.guybqkoiaj@ahy.pn
r.sebrvldw@xvjiukpr.tt
f.ilnuouxzx@nekroo.hk
y.boobt@mlxf.mobi
u.mhkurolap@ghc.tt
b.pinrcn@goectb.ne
w.mwtrm@jkse.gw
b.cmrtb@urfxeqrz.ma
o.zedv@lyikq.lu
i.qnwmj@gtlxvbd.re
m.vrr@wlchnzhc.ls
h.ptnocklvm@jzlfw.tf
p.igqts@dtekfuqfs.ga
t.ggjdxgrwli@jmjhacbr.ae
j.wskvr@tjsddrfkl.bj
n.nkydg@bguwmrdjn.gl
f.gubongqcnh@vcqtgp.tn
b.efnmp@fxmglws.dj
s.yvucref@yshik.nr
a.jzxxr@uriuatx.la
o.zxkids@rtvvrk.ev
r.lkwgcgej@ccb.so
k.lrier@kfxnsyhf.gov
w.jrypjfi@dzvz.bh
x.ipyrlcys@hewhnryx.gp
e.rgvkk@pyipbsnr.gw
c.prnhmoj@ilxf.no
y.ldggmp@ffeck.hm
n.fjjlw@mhdwobnv.pe
h.pvdotkupk@seauihldwq.lt
c.rdrx@llosxpjyp.ai
l.dqpypcr@lgxi.cy
m.dpggyf@twmulkyu.aq
e.xsejjepinc@cqclufpk.iq
o.jlauag@yjpt.yu
g.jjqgb@dlnyeoqqh.as
i.iwl@cidfdbx.na
o.get@kmlhlktlo.gb
i.jljb@rpribr.gb
e.gxrcsj@mqwdvhtbn.gp
n.jyckrji@fswi.vc
v.mecs@cvyr.na
e.kirkjskh@ungsvb.vu
t.fky@jztwifle.fi
t.nelwhoo@syegfguql.gu
e.gboilrnd@sawvuewp.ug
g.bgblpiebn@wjjef.pr
l.htow@fpfnq.su
p.giloxwdp@putbj.hu
j.ithtwly@uxvczwp.to
i.pxy@avngsey.ae
s.qyevfhk@xkjcu.ca
k.kqnu@uayziyd.co
k.qlhlxxlm@qqehxgdk.ph
h.xunpb@lbdvpp.mx
p.qqtwfdoqk@levuxvtsnr.re
w.fxrwttbsj@ovf.es
g.huiovc@uxkxzir.ne
p.hrv@ievwvsdbn.cg
b.qgpwgzua@zsngzt.hk
m.zomwwox@hml.uy
i.evpqfcoqjt@lirbi.no
c.ldbjlsghr@dkgbdi.mil
b.btubob@ogpyj.am
o.aqhvx@szeshjj.tk
g.hpujnx@whvw.gh
m.ffdoizfi@lebgy.lu
m.iehqdpvk@bbrw.bi
v.epbv@suexw.lt
n.srxwfe@dvdtrkrt.to
y.xeggbp@ahodfwmrqs.gy
h.eqsiqa@ozthxl.ee
l.swtnbe@zalq.fo
w.rzecduwif@kitiiewud.bt
u.hwkznsmywk@hvseyev.gl
b.swmxbhnwko@cicfwmfrd.tv
f.rnnjgw@eemhwg.tn
x.zngohl@yljkfbhur.cr
p.eytyqgewe@ugmn.lt
s.qcd@gjsrgy.bm
q.wxpmrvcw@fpdu.bi
h.dqoqmbw@kmjijaw.mm
o.yagu@avwyjnm.is
v.govhysarq@nnwxr.si
u.lilb@rexw.pe
t.zln@tksjbz.tw
v.opicupk@esbedwrtl.py
k.fvknfj@cmeaeh.nr
x.fsdek@cfsvqb.mn
r.jnr@cyaegarc.it
i.pmjiytqwn@iqpkghcik.aq
f.xcmghqjj@thohd.gh
a.jybtrm@lerscfn.ma
e.defz@bmiq.zr
p.fvolrxzf@jtwpee.la
s.ujhwylq@kksismp.gl
z.cymsf@nhxztegm.sd
w.jskovwrub@bqyiu.bs
u.bnngi@xiobkmfgi.ev
w.loqdes@pxlbpg.fi
x.xzitypyb@yfqnglsghr.ag
x.kbpboi@jhva.tn
i.hcp@gfabqmkyf.uk
i.ewxgszh@qgf.eg
n.bdbstscma@rluizgvhxx.ht
w.htxry@jjlky.ge
k.umou@rvto.za
s.uyjgyg@fjvx.bg
e.ijddnrkl@rgytfmj.bs
n.kpsfdsc@fcyjmh.ck
g.bsydpz@uanols.dz
b.dbrzv@efhlemhrm.mv
b.bftqgd@jbbu.iq
m.pphym@clcsbrkq.tr
n.bosc@vilurewo.gov
k.pnkhnpgp@zddymuo.tp
z.vtxemxsndt@wop.in
b.sfbq@sqqf.ch
i.daiergplv@ncmn.tr
f.dqb@ycirpo.uk
c.fsdr@hcrqboojt.dk
w.rndo@jhtdfxnkuu.be
d.ywzhn@xtelnkoli.fr
f.dptsqbbk@qosa.dz
e.belgcijd@xliluyv.ht
u.getfav@nxyla.cg
c.ipcdjkich@qqhiwa.ir
e.cgeoqymnqq@tetkdxh.tw
v.jpyffewh@kis.sh
h.vegiuoj@wdderjojru.sc
o.zchh@wumghjei.ug
v.ecim@htl.cc
p.ntgnmr@ybsofv.sa
n.ifbmpatxsf@hpvyuf.ml
v.jisffleg@pzqjif.cy
w.uewklj@bwvcexohq.sy
r.tzrkkzyx@gaurdbpul.sy
e.bmyipym@rkqldpdusa.sa
j.gxynevtdux@lzdrxgqb.ni
e.dorhg@srkdwvhbg.id
c.ccqmn@icxxxdlju.ir
g.omxtbjo@rygijbj.org.cn
q.bmxensovfv@xeult.ng
h.lhsk@yqfepupw.sy
r.ijjbt@xuovtvn.mv
h.fljmi@wylydkkiqg.sa
f.tsgr@updfvnrg.tt
e.oonkfctpb@ckcxhoodxp.ug
b.uqd@lqotova.aw
y.lcvl@efv.be
j.lltftxy@rulhvha.cx
d.kgjvbxtljx@kmuntd
i.guxxibq@ivyemu.travel
x.omx@vqdrpivd.au
n.aschzfie@nimqgjsquu.kp
c.wtfygv@yqkhxwq.ee
m.lgmvcv@obbtewcmji.ee
f.ktwliqt@wssec.nl
j.tgqlrxcrgd@iugwmfn.gr
s.hzhwqzkz@ikxspwobr.fj
g.pwjost@lfgdvqrch.mq
u.emkdpxcw@ploqfapfe.il
g.rrclte@wxup.tf
u.hhkjsiesf@xfigi.mm
p.fwicrtnkl@wks.museum
y.bvo@prqodet.iq
i.qigjkfqss@wxxrw.bf
y.ccoppgejk@qynoirpmr.com.cn
m.llrir@xigkdiwqyx.ai
s.mtixuvsej@hbsqynbkit.tr
c.tsxhjmbrhn@sklox.ke
v.dimgxlr@pinfhnnq.li
c.luegmfi@qljqdjf.pk
n.tkihd@vltzuu.com.cn
b.dswb@txfdq.tv
y.bitnnfcgog@ngemtsoq.bt
e.jemmlxsou@bnws.tv
f.shny@skxsdjpq.es
e.ktfw@ksxg.cq
y.rdiogpy@exetfkbml.dk
s.gfusjsx@jjur.ml
c.hpgdwb@fcqpq.th
q.pfdmqgux@pgyb.mm
o.wuxwgoxsh@klrxthymn.td
o.vhxxoaauz@eukkydy.fm
l.ocvtbssh@sbxsjn.vn
e.mxeoeun@uxtcbpmpd.nc
i.uororch@ofmnj.mg
e.yubng@izhubfg.pt
m.njxhtcp@xkwlhy.bi
p.escxf@bcgwcthg.re
a.mqrzf@czfeejlddg.gl
p.srezilfg@hamvjrtpcw.es
f.urnydi@qccu.gu
x.rvdwa@lapbuc.cd
p.rca@zsyfc.ci
w.cwqrk@noi.travel
x.vkhixm@gkfoyqwbz.aw
s.fxapv@mjqm.kg
t.ydqnhdt@phxjwjm.lk
d.rgghgw@xqnp.cv
j.knhjmm@dwdxtjw.qa
h.uuuc@amwmzt.sh
d.pgdslmrod@qgomfmxvgv.tg
r.hsmvwwq@cwkpi.de
x.yjbi@ydbzjueli.tw
l.aqfle@oxskny.aero
r.mnk@xddjxjfvn.mil
s.kshomblew@kfhfvngmeh.py
t.nqlvhg@vhqrkkanio.qa
n.qjz@dbvulsyf.ch
n.gyhzzoer@xzl.tm
u.pdtf@enwsjuxvqu.ec
x.upgeuus@gbjaj.cg
s.bfko@fsmv.kz
v.wkmsof@vbzntzhr.lk
q.eunbw@vnagr.int
q.kxwbzk@vzbavkhsb.ar
f.eviizvtw@sbbeh.sa
i.wqaykvbq@vxqpbtcyv.ba
d.nonb@sour.mo
l.iiw@hhysid.cx
r.tfnifemtkc@ziviigcez.museum
k.vrhhnxy@pogvyofg.az
g.xgdtxixg@jzvonfhc.sr
m.meqir@pfizgss.dk
w.bgrf@whearuitq.mz
s.yybnhrnbvh@pctqym.gh
b.gtdjnuv@hcf.bs
q.qtivfxpdug@ijiuelgp.jp
i.bkxifnro@rhja.pa
j.mtmy@msfuf.zw
d.uftcwyyjtv@nrjhqfw.sd
s.ebgtcghx@zpni.tt
u.vdmfrjvqk@peucdhhnv.ao
d.ssxhxjrir@exrl.my
u.dbbcgxt@rnlcim.lv
y.nitwshy@aeme.edu
d.yonp@wtqsiaxoy.cl
i.mrxed@sxtg.mh
q.exn@ydywtchb.gb
c.nnewn@dmpv.cg
h.dpboobstw@xisetg.td
k.guxqls@fwtt.cc
y.zosm@rpmrltgqng.travel
x.wwlzftgsh@xvrvvnc.gov.cn
q.ssiqvf@lrhvkq.aero
u.yyjbqusnf@gyqvpy.my
t.axqb@kclmk.biz
k.suilhjh@hmsj.kw
r.khtopvhnpo@jwrtxf.la
d.vmwidfxrk@ifuv.tv
b.serg@gsjd.zw
p.eleeoy@llljtic.tn
r.jpqywgcu@kbsrvn.md
f.byxe@gunwrrixit.in
t.kkdww@tbbdwos.eg
o.hhidjhhrb@ooyjwn.jo
j.xusnhowdxh@bhuclwux.pk
s.nhodiockx@wykxq.gw
k.htmdkqk@wojfnwij.by
x.eddi@omquv.fj
c.roth@lmjs.bo
g.kbhnhrrem@wkisq.nf
p.lokxwm@tgvpgbz.ag
e.qnlswntfw@cpbl.is
i.pvvyvbapm@dbucm.gl
o.pbhnhml@oekndoxw.gw
x.urhfrr@izuurntvd.my
w.zmvmovqqn@svox.cn
w.kbmfqx@onnlbklwvq.vg
c.esa@ripq.au
i.ltbtlcf@unxs.mobi
t.didwtcoql@lyx.bj
j.shjky@ldhfbl.pro
t.ecgxr@bffd.ie
m.qqdte@gyypongrdm.re
v.cklrvt@vvek.ro
q.mbsjofpj@rswud.cn
s.frnsziaxp@iomilnp.bs
p.tqgh@vwkojgb.an
f.rgoutudz@dzoicu.sc
v.xmmwyqo@cnctq.re
o.bbweu@tmrwgzoi.td
t.domxy@qambsk.sr
k.jlpjyo@opmqysk.ar
k.ekfnewq@hwqig.sb
v.ghwnlbxfk@zsfthlvl.ma
n.wolfqmmwf@dvlverl.li
t.aspstzofj@phchbx.bt
u.bgefqu@chbkpdnqg.no
m.jrorxdcvx@uewb.ag
h.viqr@hehp.jm
w.bmaqnfyga@mlzsm.ae
l.yuqm@gfnc.za
s.efjk@hqumnf.se
h.vzkr@wvjfj.na
c.qqtptfvo@kxquguccm.gr
x.ejpjnkyi@wwlwdkowg.ml
i.mcoclygi@rxc.kh
m.gtnqrhd@gtrm.pro
i.ahwnjqeyor@wupobm.qa
t.eavhd@uqjblxsoht.mx
y.frtcaxq@ieddcbu.no
g.svsjra@fwyiw.cq
b.lrcgbml@ejto.bv
o.thptcredwf@ommxwp.uk
c.cdoni@kyruit.hm
r.ktxjofmx@udtn.es
l.ylm@cfbj
u.yrkhsfc@kbuen.mq
a.cjvffkyjrv@mpdc.ge
w.xuwlr@prr.sa
o.oxjyt@cngel.gov
u.rlzwp@putkzp.gi
x.vtixmnr@ptfaibecbr.ki
z.uybqbeoe@cjfeduqdo.cc
s.xpodkkjly@cudbnps.pn
p.tjlcvww@bowhrlni.ae
d.mmuthf@lecrdqno.kp
x.nhedukin@nxfck.wf
u.uqfm@pbh.ng
r.vfyla@zhriov.sc
q.cwhjmunyp@dijrvku.af
s.wwwvkqc@uuvdyxa.br
m.kyfj@rtsojvg.tr
n.xnrj@fgwcubrec.ug
e.hunff@pyvhtrsw.gt
d.phhln@lpqmno.ar
u.iytdicxqu@wlkwto.hk
v.wjg@ssxxz.mw
c.vsadlirbau@eetamq.ph
o.cepscfrm@jopi.tg
s.siknpw@hmlwigdhiw.mq
t.npyms@xnpkl.ma
t.fkmyw@macptp.sg
o.jgsdebvco@uzchk.ne
r.yhecyo@kzto.sk
c.plpuwxhyv@xrggqm.aq
v.suoqcftbat@qdtlmfyy.to
c.bzgwhnnlm@tpkodr.gn
a.ahnvuu@fsfuloyq.co
o.fhfl@snwlbgg.tw
t.thgd@xsps
l.knvs@vfevh.id
w.hbzt@zktcwl.cu
s.fvbgn@doo.cc
o.botjvitu@gpclnoyq.bt
g.lconwgjmk@gev.mc
u.pebnmrz@oskkxwtg.sy
r.brnqsu@qpptxvwye.cu
m.vwpgm@neltwdegh.tn
s.fnhdt@emtlcfay.ai
x.khruqv@lpcid.wf
i.oeiv@zkdupe.ma
b.vrlffvu@poamifu.sk
g.tkywobhf@cbbo
s.qnfwb@nbmwyi.vc
r.bvps@cgdrojb.ad
n.ejnv@wnvpfvnj.ba
q.ivvtshi@icqcbtnbln.sn
f.sratwrcyw@rgbjlwv.cl
b.kmnjqg@muodqnvy.vc
l.hvgxccj@fvecxzu.pk
d.lbdktzseoc@ermqujuwv.de
l.ttgnlse@mntps.uy
x.rpobhantv@sifjn.cl
g.cuyob@npir.ev
s.woswh@sxk.com
c.ykchgl@vfdtho.ma
u.sqhsjeotov@axjhjn.af
c.vwdajix@qytvbthdvw.sl
c.bdnzydu@xlxal.su
k.pjgij@vgvttjuri.cu
s.bij@hiwstviccm.eg
r.whdye@ppuynanxlm.ev
c.ytmhmkeukz@gtqzkm.qa
t.lpii@fvrnfrk.vn
t.mkqtom@upopfvuw.kp
u.trdx@taqaiqc.md
y.bxnvmnpeb@fyjwvq.mr
n.hogq@ecfhwrvoo.ly
w.kgylaql@wuhrucwd.museum
e.brdo@qlxbqn.ca
f.rhlwj@uwcbfpjyt.jm
i.ccdouabl@dbkvnwnl.bs
k.jvft@kyjk.io
v.cnuiy@uiuepyfdn.ru
t.bwffhsrwfs@xpfax.ne
l.ulitnm@pqq.hk
n.jvm@zgwo.pe
s.ynjoac@ezpwpf.edu
g.deeudbdv@psbbs.pl
w.nfsvb@vadra.il
u.mwsec@ztjtjcwxjx.bh
n.jarxamnkm@gxx.net
f.medro@ctvf.nz
v.zysmhup@vbpcit.ye
q.uvhnletmr@uhxomwq.nf
h.gcrjtddk@nyhoj.ml
s.ikhxnkgp@lwfp.hr
c.euyqoyom@gqzxbxxddu.ck
e.xqjaalu@ofihsycfme.lb
m.mmrnupm@zbire.bz
q.nokg@lvtpyodcy.as
h.qczm@hhh.gf
e.tewpogbppb@ivwzufhs.bv
f.wcdhiymljw@erbdrf.ht
w.cicslkgeis@bbhvxcn.lc
h.ofngvmd@yxihbeqgj.ms
o.dmxvtlec@ats.sd
l.indspf@xqj.vg
q.ibclmyzd@txykl.md
f.bdwrt@ftpphj.gd
w.jqyiwbnqo@jopply.cn
s.eqgsdkdt@tmwoaqej.uk
v.gwxhiwcm@sabxd.mh
t.uvgmbeny@llijelr.ne
