甘肃 15327958 西北师范大学 张泽 C/C++程序设计研究生组 一等奖 是
甘肃 15489585 西北师范大学 池嘉铖 C/C++程序设计研究生组 一等奖 是
甘肃 15461297 西北师范大学 杨龙岗 C/C++程序设计研究生组 一等奖 是
甘肃 15495891 西北师范大学 陈波 C/C++程序设计研究生组 二等奖
甘肃 15322870 西北师范大学 刘毓霖 C/C++程序设计研究生组 三等奖
甘肃 15486731 西北师范大学 崔凌云 C/C++程序设计研究生组 三等奖
甘肃 15324143 西北师范大学 张圆圆 C/C++程序设计研究生组 三等奖
甘肃 15340119 西北师范大学 芦鑫 C/C++程序设计研究生组 三等奖
甘肃 15423158 西北师范大学 罗旭哲 C/C++程序设计研究生组 三等奖
甘肃 15359513 西北师范大学 杨剑 C/C++程序设计研究生组 三等奖
甘肃 15316805 西北师范大学 童海斌 C/C++程序设计研究生组 三等奖
甘肃 15317394 西北师范大学 刘泽政 C/C++程序设计研究生组 三等奖
甘肃 15322707 西北师范大学 刘柄汐 C/C++程序设计研究生组 三等奖
甘肃 15324983 西北师范大学 季世浩 C/C++程序设计研究生组 三等奖
甘肃 15398909 西北师范大学 王翔宇 C/C++程序设计研究生组 三等奖
甘肃 15436380 西北师范大学 王博文 C/C++程序设计研究生组 三等奖
甘肃 15346689 西北师范大学 杨森宇 C/C++程序设计大学 B 组 一等奖 是
甘肃 15334290 西北师范大学 孔梁宇 C/C++程序设计大学 B 组 一等奖 是
甘肃 15489477 西北师范大学 孙承乾 C/C++程序设计大学 B 组 一等奖 是
甘肃 15467038 西北师范大学 宁智伟 C/C++程序设计大学 B 组 一等奖 是
甘肃 15468971 西北师范大学 曾祥涛 C/C++程序设计大学 B 组 一等奖 是
甘肃 15388706 西北师范大学 赵炳鑫 C/C++程序设计大学 B 组 一等奖 是
甘肃 15322589 西北师范大学 刘宇赟 C/C++程序设计大学 B 组 一等奖 是
甘肃 15489886 西北师范大学 陈小庆 C/C++程序设计大学 B 组 一等奖 是
甘肃 15317837 西北师范大学 刘金宝 C/C++程序设计大学 B 组 一等奖 是
甘肃 15316564 西北师范大学 杨凯 C/C++程序设计大学 B 组 一等奖 是
甘肃 15423422 西北师范大学 孙传 C/C++程序设计大学 B 组 一等奖 是
甘肃 15402739 西北师范大学 马伟虎 C/C++程序设计大学 B 组 一等奖 是
甘肃 15390068 西北师范大学 关淑敏 C/C++程序设计大学 B 组 一等奖 是
甘肃 15474108 西北师范大学 包光 C/C++程序设计大学 B 组 二等奖
甘肃 15412899 西北师范大学 孙嘉皓 C/C++程序设计大学 B 组 二等奖
甘肃 15347869 西北师范大学 周晓鹏 C/C++程序设计大学 B 组 二等奖
甘肃 15387072 西北师范大学 陈世琰 C/C++程序设计大学 B 组 二等奖
甘肃 15470328 西北师范大学 郭学伟 C/C++程序设计大学 B 组 二等奖
甘肃 15469255 西北师范大学 算佳源 C/C++程序设计大学 B 组 二等奖
甘肃 15432884 西北师范大学 丁佳欣 C/C++程序设计大学 B 组 二等奖
甘肃 15386679 西北师范大学 裴昕昕 C/C++程序设计大学 B 组 二等奖
甘肃 15413731 西北师范大学 程思 C/C++程序设计大学 B 组 二等奖
甘肃 15352453 西北师范大学 朱馨宇 C/C++程序设计大学 B 组 二等奖
甘肃 15470244 西北师范大学 龚科碩 C/C++程序设计大学 B 组 二等奖
甘肃 15436526 西北师范大学 徐一菱 C/C++程序设计大学 B 组 二等奖
甘肃 15317121 西北师范大学 王浩 C/C++程序设计大学 B 组 二等奖
甘肃 15358364 西北师范大学 何晨明 C/C++程序设计大学 B 组 二等奖
甘肃 15338067 西北师范大学 冯乐乐 C/C++程序设计大学 B 组 二等奖
甘肃 15468503 西北师范大学 唐聪逸 C/C++程序设计大学 B 组 二等奖
甘肃 15498842 西北师范大学 杨旭 C/C++程序设计大学 B 组 二等奖
甘肃 15468769 西北师范大学 陈小平 C/C++程序设计大学 B 组 二等奖
甘肃 15427706 西北师范大学 亓康宇 C/C++程序设计大学 B 组 二等奖
甘肃 15496217 西北师范大学 陈祥日 C/C++程序设计大学 B 组 二等奖
甘肃 15316681 西北师范大学 徐铭泉 C/C++程序设计大学 B 组 二等奖
甘肃 15495873 西北师范大学 胡清晨 C/C++程序设计大学 B 组 二等奖
甘肃 15354918 西北师范大学 刘东 C/C++程序设计大学 B 组 二等奖
甘肃 15418561 西北师范大学 徐煜洋 C/C++程序设计大学 B 组 二等奖
甘肃 15487991 西北师范大学 卢凯 C/C++程序设计大学 B 组 二等奖
甘肃 15499334 西北师范大学 马文欣 C/C++程序设计大学 B 组 二等奖
甘肃 15460588 西北师范大学 李先进 C/C++程序设计大学 B 组 三等奖
甘肃 15335384 西北师范大学 白小婧 C/C++程序设计大学 B 组 三等奖
甘肃 15401835 西北师范大学 宁静 C/C++程序设计大学 B 组 三等奖
甘肃 15330995 西北师范大学 马妤媛 C/C++程序设计大学 B 组 三等奖
甘肃 15423840 西北师范大学 马晓梅 C/C++程序设计大学 B 组 三等奖
甘肃 15500773 西北师范大学 杜政津 C/C++程序设计大学 B 组 三等奖
甘肃 15410801 西北师范大学 任圣泽 C/C++程序设计大学 B 组 三等奖
甘肃 15408133 西北师范大学 熊光华 C/C++程序设计大学 B 组 三等奖
甘肃 15328956 西北师范大学 赖正邦 C/C++程序设计大学 B 组 三等奖
甘肃 15389539 西北师范大学 王启凡 C/C++程序设计大学 B 组 三等奖
甘肃 15346373 西北师范大学 赵元昊 C/C++程序设计大学 B 组 三等奖
甘肃 15393772 西北师范大学 朱凯 C/C++程序设计大学 B 组 三等奖
甘肃 15387835 西北师范大学 王瑜 C/C++程序设计大学 B 组 三等奖
甘肃 15447165 西北师范大学 杨玉涛 C/C++程序设计大学 B 组 三等奖
甘肃 15429506 西北师范大学 牛东 C/C++程序设计大学 B 组 三等奖
甘肃 15489249 西北师范大学 哈静 C/C++程序设计大学 B 组 三等奖
甘肃 15368472 西北师范大学 王振兴 C/C++程序设计大学 B 组 三等奖
甘肃 15505380 西北师范大学 徐浩博 C/C++程序设计大学 B 组 三等奖
甘肃 15497572 西北师范大学 安文华 C/C++程序设计大学 B 组 三等奖
甘肃 15453661 西北师范大学 毕建龙 C/C++程序设计大学 B 组 三等奖
甘肃 15466369 西北师范大学 侯文皓 C/C++程序设计大学 B 组 三等奖
甘肃 15317431 西北师范大学 宗顺意 C/C++程序设计大学 B 组 三等奖
甘肃 15389106 西北师范大学 张萌萌 C/C++程序设计大学 B 组 三等奖
甘肃 15447955 西北师范大学 徐俊姝 C/C++程序设计大学 B 组 三等奖
甘肃 15339491 西北师范大学 曹尚睿 C/C++程序设计大学 B 组 三等奖
甘肃 15468572 西北师范大学 秦美琪 C/C++程序设计大学 B 组 三等奖
甘肃 15489234 西北师范大学 苏丙锐 C/C++程序设计大学 B 组 三等奖
甘肃 15335166 西北师范大学 王琳珂 C/C++程序设计大学 B 组 三等奖
甘肃 15461247 西北师范大学 彭阳宇 C/C++程序设计大学 B 组 三等奖
甘肃 15334117 西北师范大学 管清颖 C/C++程序设计大学 B 组 三等奖
甘肃 15512018 西北师范大学 龚桐 C/C++程序设计大学 B 组 三等奖
甘肃 15498424 西北师范大学 张云畅 C/C++程序设计大学 B 组 三等奖
甘肃 15461026 西北师范大学 申一健 C/C++程序设计大学 B 组 三等奖
甘肃 15473369 西北师范大学 欧梓航 C/C++程序设计大学 B 组 三等奖
甘肃 15423801 西北师范大学 霍皓璇 C/C++程序设计大学 B 组 三等奖
甘肃 15321612 西北师范大学 杨明 C/C++程序设计大学 B 组 三等奖
甘肃 15424862 西北师范大学 杨清雯 C/C++程序设计大学 B 组 三等奖
甘肃 15356539 西北师范大学 张靖豫 C/C++程序设计大学 B 组 三等奖
甘肃 15316568 西北师范大学 韩玺彬 C/C++程序设计大学 B 组 三等奖
甘肃 15333206 西北师范大学 蔡旋 C/C++程序设计大学 B 组 三等奖
甘肃 15443876 西北师范大学 田星宇 C/C++程序设计大学 B 组 三等奖
甘肃 15442341 西北师范大学 蒋小龙 C/C++程序设计大学 B 组 三等奖
甘肃 15466373 西北师范大学 韩志鑫 C/C++程序设计大学 B 组 三等奖
甘肃 15317337 西北师范大学 艾喜珍 C/C++程序设计大学 B 组 三等奖
甘肃 15499239 西北师范大学 陈尚宾 C/C++程序设计大学 B 组 三等奖
甘肃 15495860 西北师范大学 苟淑婷 C/C++程序设计大学 B 组 三等奖
甘肃 15316970 西北师范大学 高源 Java 软件开发研究生组 一等奖 是
甘肃 15328862 西北师范大学 刘金洪 Java 软件开发研究生组 一等奖 是
甘肃 15326773 西北师范大学 方栋梁 Java 软件开发研究生组 二等奖
甘肃 15322842 西北师范大学 赵杰 Java 软件开发研究生组 二等奖
甘肃 15322939 西北师范大学 张星 Java 软件开发研究生组 二等奖
甘肃 15316586 西北师范大学 张忌龙 Java 软件开发研究生组 二等奖
甘肃 15316779 西北师范大学 付健立 Java 软件开发研究生组 三等奖
甘肃 15460989 西北师范大学 马自来 Java 软件开发研究生组 三等奖
甘肃 15317490 西北师范大学 张亨睿 Java 软件开发研究生组 三等奖
甘肃 15328603 西北师范大学 汤洋洋 Java 软件开发研究生组 三等奖
甘肃 15320766 西北师范大学 王泽森 Java 软件开发大学 B 组 一等奖 是
甘肃 15458204 西北师范大学 李明峰 Java 软件开发大学 B 组 一等奖 是
甘肃 15458202 西北师范大学 任航 Java 软件开发大学 B 组 三等奖
甘肃 15459020 西北师范大学 张涛 Java 软件开发大学 B 组 三等奖
甘肃 15332154 西北师范大学 谢承洋 Python 程序设计研究生组 一等奖 是
甘肃 15340415 西北师范大学 曹盼盼 Python 程序设计研究生组 一等奖 是
甘肃 15461151 西北师范大学 崔烁豪 Python 程序设计研究生组 一等奖 是
甘肃 15491133 西北师范大学 王玺杰 Python 程序设计研究生组 一等奖 是
甘肃 15359144 西北师范大学 张浩成 Python 程序设计研究生组 一等奖 是
甘肃 15505042 西北师范大学 刘世龙 Python 程序设计研究生组 二等奖
甘肃 15322673 西北师范大学 李小龙 Python 程序设计研究生组 二等奖
甘肃 15323705 西北师范大学 肖泽秋 Python 程序设计研究生组 二等奖
甘肃 15436852 西北师范大学 王博 Python 程序设计研究生组 二等奖
甘肃 15350976 西北师范大学 程航 Python 程序设计研究生组 二等奖
甘肃 15360441 西北师范大学 肖泽婷 Python 程序设计研究生组 二等奖
甘肃 15491639 西北师范大学 张建华 Python 程序设计研究生组 二等奖
甘肃 15407048 西北师范大学 安科强 Python 程序设计研究生组 二等奖
甘肃 15448777 西北师范大学 邓彬 Python 程序设计研究生组 二等奖
甘肃 15326796 西北师范大学 方舟 Python 程序设计研究生组 二等奖
甘肃 15336694 西北师范大学 姚猛 Python 程序设计研究生组 二等奖
甘肃 15438875 西北师范大学 舒珂 Python 程序设计研究生组 二等奖
甘肃 15432948 西北师范大学 齐兴宇 Python 程序设计研究生组 二等奖
甘肃 15476580 西北师范大学 张平川 Python 程序设计研究生组 二等奖
甘肃 15399584 西北师范大学 赵伟 Python 程序设计研究生组 三等奖
甘肃 15316767 西北师范大学 桑秀娟 Python 程序设计研究生组 三等奖
甘肃 15361061 西北师范大学 常子儒 Python 程序设计研究生组 三等奖
甘肃 15458334 西北师范大学 康嘉怡 Python 程序设计研究生组 三等奖
甘肃 15324301 西北师范大学 陈鹏昱 Python 程序设计研究生组 三等奖
甘肃 15335305 西北师范大学 马志泳 Python 程序设计研究生组 三等奖
甘肃 15385762 西北师范大学 周越洋 Python 程序设计研究生组 三等奖
甘肃 15316587 西北师范大学 刘杰男 Python 程序设计研究生组 三等奖
甘肃 15474852 西北师范大学 张人懿 Python 程序设计研究生组 三等奖
甘肃 15345482 西北师范大学 时绪水 Python 程序设计研究生组 三等奖
甘肃 15322750 西北师范大学 郑祎瑾 Python 程序设计研究生组 三等奖
甘肃 15353110 西北师范大学 李玉文 Python 程序设计研究生组 三等奖
甘肃 15399245 西北师范大学 马璐璐 Python 程序设计研究生组 三等奖
甘肃 15380262 西北师范大学 席博凯 Python 程序设计研究生组 三等奖
甘肃 15414819 西北师范大学 刘志儒 Python 程序设计研究生组 三等奖
甘肃 15439993 西北师范大学 韩磊 Python 程序设计研究生组 三等奖
甘肃 15458443 西北师范大学 樊哲聪 Python 程序设计研究生组 三等奖
甘肃 15465485 西北师范大学 柳意 Python 程序设计研究生组 三等奖
甘肃 15396518 西北师范大学 彭依恺 Python 程序设计大学 B 组 一等奖 是
甘肃 15417915 西北师范大学 杨世豪 Python 程序设计大学 B 组 一等奖 是
甘肃 15461574 西北师范大学 陈国璐 Python 程序设计大学 B 组 一等奖 是
甘肃 15321697 西北师范大学 林昊然 Python 程序设计大学 B 组 二等奖
甘肃 15462326 西北师范大学 董倩倩 Python 程序设计大学 B 组 二等奖
甘肃 15366342 西北师范大学 林锐洋 Python 程序设计大学 B 组 二等奖
甘肃 15316684 西北师范大学 曹金眷 Python 程序设计大学 B 组 二等奖
甘肃 15447893 西北师范大学 章益敏 Python 程序设计大学 B 组 二等奖
甘肃 15335391 西北师范大学 宋靖轩 Python 程序设计大学 B 组 二等奖
甘肃 15492520 西北师范大学 员浩瀚 Python 程序设计大学 B 组 二等奖
甘肃 15346878 西北师范大学 韩雪霞 Python 程序设计大学 B 组 三等奖
甘肃 15421744 西北师范大学 王弘扬 Python 程序设计大学 B 组 三等奖
甘肃 15343419 西北师范大学 唐昊贇 Python 程序设计大学 B 组 三等奖
甘肃 15326799 西北师范大学 王子硕 Python 程序设计大学 B 组 三等奖
甘肃 15369170 西北师范大学 芮照月 Python 程序设计大学 B 组 三等奖
甘肃 15417840 西北师范大学 王忠明 Python 程序设计大学 B 组 三等奖
甘肃 15448046 西北师范大学 武晓娜 Python 程序设计大学 B 组 三等奖
甘肃 15455422 西北师范大学 符幸 Python 程序设计大学 B 组 三等奖
甘肃 15317450 西北师范大学 王天浩 单片机设计与开发大学组 二等奖
甘肃 15359653 西北师范大学 邓雅恬 单片机设计与开发大学组 三等奖
甘肃 15330992 西北师范大学 牛江伟 单片机设计与开发大学组 三等奖
甘肃 15346858 西北师范大学 孙瑞华 单片机设计与开发大学组 三等奖
甘肃 15458464 西北师范大学 董文博 单片机设计与开发大学组 三等奖
甘肃 15318085 西北师范大学 姬永新 单片机设计与开发大学组 三等奖
甘肃 15316896 西北师范大学 刘健 单片机设计与开发大学组 三等奖
甘肃 15322312 西北师范大学 肖倩 单片机设计与开发大学组 三等奖
甘肃 15366229 西北师范大学 初雨心 单片机设计与开发大学组 三等奖
甘肃 15489731 西北师范大学 白永龙 嵌入式设计与开发大学组 三等奖
甘肃 15488655 西北师范大学 闫琪 EDA 设计与开发大学组 二等奖
甘肃 15316943 西北师范大学 刘文宇 EDA 设计与开发大学组 二等奖
甘肃 15316715 西北师范大学 赵宏石 EDA 设计与开发大学组 三等奖
甘肃 15317471 西北师范大学 杨昌全 EDA 设计与开发大学组 三等奖
