张泽 C/C++程序设计研究生组 一等奖
池嘉铖 C/C++程序设计研究生组 一等奖
杨龙岗 C/C++程序设计研究生组 一等奖
陈波 C/C++程序设计研究生组 二等奖
刘毓霖 C/C++程序设计研究生组 三等奖
崔凌云 C/C++程序设计研究生组 三等奖
张圆圆 C/C++程序设计研究生组 三等奖
芦鑫 C/C++程序设计研究生组 三等奖
罗旭哲 C/C++程序设计研究生组 三等奖
杨剑 C/C++程序设计研究生组 三等奖
童海斌 C/C++程序设计研究生组 三等奖
刘泽政 C/C++程序设计研究生组 三等奖
刘柄汐 C/C++程序设计研究生组 三等奖
季世浩 C/C++程序设计研究生组 三等奖
王翔宇 C/C++程序设计研究生组 三等奖
王博文 C/C++程序设计研究生组 三等奖
杨森宇 C/C++程序设计大学B组 一等奖
孔梁宇 C/C++程序设计大学B组 一等奖
孙承乾 C/C++程序设计大学B组 一等奖
宁智伟 C/C++程序设计大学B组 一等奖
曾祥涛 C/C++程序设计大学B组 一等奖
赵炳鑫 C/C++程序设计大学B组 一等奖
刘宇赟 C/C++程序设计大学B组 一等奖
陈小庆 C/C++程序设计大学B组 一等奖
刘金宝 C/C++程序设计大学B组 一等奖
杨凯 C/C++程序设计大学B组 一等奖
孙传 C/C++程序设计大学B组 一等奖
马伟虎 C/C++程序设计大学B组 一等奖
关淑敏 C/C++程序设计大学B组 一等奖
包光 C/C++程序设计大学B组 二等奖
孙嘉皓 C/C++程序设计大学B组 二等奖
周晓鹏 C/C++程序设计大学B组 二等奖
陈世琰 C/C++程序设计大学B组 二等奖
郭学伟 C/C++程序设计大学B组 二等奖
算佳源 C/C++程序设计大学B组 二等奖
丁佳欣 C/C++程序设计大学B组 二等奖
裴昕昕 C/C++程序设计大学B组 二等奖
程思 C/C++程序设计大学B组 二等奖
朱馨宇 C/C++程序设计大学B组 二等奖
龚科碩 C/C++程序设计大学B组 二等奖
徐一菱 C/C++程序设计大学B组 二等奖
王浩 C/C++程序设计大学B组 二等奖
何晨明 C/C++程序设计大学B组 二等奖
冯乐乐 C/C++程序设计大学B组 二等奖
唐聪逸 C/C++程序设计大学B组 二等奖
杨旭 C/C++程序设计大学B组 二等奖
陈小平 C/C++程序设计大学B组 二等奖
亓康宇 C/C++程序设计大学B组 二等奖
陈祥日 C/C++程序设计大学B组 二等奖
徐铭泉 C/C++程序设计大学B组 二等奖
胡清晨 C/C++程序设计大学B组 二等奖
刘东 C/C++程序设计大学B组 二等奖
徐煜洋 C/C++程序设计大学B组 二等奖
卢凯 C/C++程序设计大学B组 二等奖
马文欣 C/C++程序设计大学B组 二等奖
李先进 C/C++程序设计大学B组 三等奖
白小婧 C/C++程序设计大学B组 三等奖
宁静 C/C++程序设计大学B组 三等奖
马妤媛 C/C++程序设计大学B组 三等奖
马晓梅 C/C++程序设计大学B组 三等奖
杜政津 C/C++程序设计大学B组 三等奖
任圣泽 C/C++程序设计大学B组 三等奖
熊光华 C/C++程序设计大学B组 三等奖
赖正邦 C/C++程序设计大学B组 三等奖
王启凡 C/C++程序设计大学B组 三等奖
赵元昊 C/C++程序设计大学B组 三等奖
朱凯 C/C++程序设计大学B组 三等奖
王瑜 C/C++程序设计大学B组 三等奖
杨玉涛 C/C++程序设计大学B组 三等奖
牛东 C/C++程序设计大学B组 三等奖
哈静 C/C++程序设计大学B组 三等奖
王振兴 C/C++程序设计大学B组 三等奖
徐浩博 C/C++程序设计大学B组 三等奖
安文华 C/C++程序设计大学B组 三等奖
毕建龙 C/C++程序设计大学B组 三等奖
侯文皓 C/C++程序设计大学B组 三等奖
宗顺意 C/C++程序设计大学B组 三等奖
张萌萌 C/C++程序设计大学B组 三等奖
徐俊姝 C/C++程序设计大学B组 三等奖
曹尚睿 C/C++程序设计大学B组 三等奖
秦美琪 C/C++程序设计大学B组 三等奖
苏丙锐 C/C++程序设计大学B组 三等奖
王琳珂 C/C++程序设计大学B组 三等奖
彭阳宇 C/C++程序设计大学B组 三等奖
管清颖 C/C++程序设计大学B组 三等奖
龚桐 C/C++程序设计大学B组 三等奖
张云畅 C/C++程序设计大学B组 三等奖
申一健 C/C++程序设计大学B组 三等奖
欧梓航 C/C++程序设计大学B组 三等奖
霍皓璇 C/C++程序设计大学B组 三等奖
杨明 C/C++程序设计大学B组 三等奖
杨清雯 C/C++程序设计大学B组 三等奖
张靖豫 C/C++程序设计大学B组 三等奖
韩玺彬 C/C++程序设计大学B组 三等奖
蔡旋 C/C++程序设计大学B组 三等奖
田星宇 C/C++程序设计大学B组 三等奖
蒋小龙 C/C++程序设计大学B组 三等奖
韩志鑫 C/C++程序设计大学B组 三等奖
艾喜珍 C/C++程序设计大学B组 三等奖
陈尚宾 C/C++程序设计大学B组 三等奖
苟淑婷 C/C++程序设计大学B组 三等奖
高源 Java软件开发研究生组 一等奖
刘金洪 Java软件开发研究生组 一等奖
方栋梁 Java软件开发研究生组 二等奖
赵杰 Java软件开发研究生组 二等奖
张星 Java软件开发研究生组 二等奖
张忌龙 Java软件开发研究生组 二等奖
付健立 Java软件开发研究生组 三等奖
马自来 Java软件开发研究生组 三等奖
张亨睿 Java软件开发研究生组 三等奖
汤洋洋 Java软件开发研究生组 三等奖
王泽森 Java软件开发大学B组 一等奖
李明峰 Java软件开发大学B组 一等奖
任航 Java软件开发大学B组 三等奖
张涛 Java软件开发大学B组 三等奖
谢承洋 Python程序设计研究生组 一等奖
曹盼盼 Python程序设计研究生组 一等奖
崔烁豪 Python程序设计研究生组 一等奖
王玺杰 Python程序设计研究生组 一等奖
张浩成 Python程序设计研究生组 一等奖
刘世龙 Python程序设计研究生组 二等奖
李小龙 Python程序设计研究生组 二等奖
肖泽秋 Python程序设计研究生组 二等奖
王博 Python程序设计研究生组 二等奖
程航 Python程序设计研究生组 二等奖
肖泽婷 Python程序设计研究生组 二等奖
张建华 Python程序设计研究生组 二等奖
安科强 Python程序设计研究生组 二等奖
邓彬 Python程序设计研究生组 二等奖
方舟 Python程序设计研究生组 二等奖
姚猛 Python程序设计研究生组 二等奖
舒珂 Python程序设计研究生组 二等奖
齐兴宇 Python程序设计研究生组 二等奖
张平川 Python程序设计研究生组 二等奖
赵伟 Python程序设计研究生组 三等奖
桑秀娟 Python程序设计研究生组 三等奖
常子儒 Python程序设计研究生组 三等奖
康嘉怡 Python程序设计研究生组 三等奖
陈鹏昱 Python程序设计研究生组 三等奖
马志泳 Python程序设计研究生组 三等奖
周越洋 Python程序设计研究生组 三等奖
刘杰男 Python程序设计研究生组 三等奖
张人懿 Python程序设计研究生组 三等奖
时绪水 Python程序设计研究生组 三等奖
郑祎瑾 Python程序设计研究生组 三等奖
李玉文 Python程序设计研究生组 三等奖
马璐璐 Python程序设计研究生组 三等奖
席博凯 Python程序设计研究生组 三等奖
刘志儒 Python程序设计研究生组 三等奖
韩磊 Python程序设计研究生组 三等奖
樊哲聪 Python程序设计研究生组 三等奖
柳意 Python程序设计研究生组 三等奖
彭依恺 Python程序设计大学B组 一等奖
杨世豪 Python程序设计大学B组 一等奖
陈国璐 Python程序设计大学B组 一等奖
林昊然 Python程序设计大学B组 二等奖
董倩倩 Python程序设计大学B组 二等奖
林锐洋 Python程序设计大学B组 二等奖
曹金眷 Python程序设计大学B组 二等奖
章益敏 Python程序设计大学B组 二等奖
宋靖轩 Python程序设计大学B组 二等奖
员浩瀚 Python程序设计大学B组 二等奖
韩雪霞 Python程序设计大学B组 三等奖
王弘扬 Python程序设计大学B组 三等奖
唐昊贇 Python程序设计大学B组 三等奖
王子硕 Python程序设计大学B组 三等奖
芮照月 Python程序设计大学B组 三等奖
王忠明 Python程序设计大学B组 三等奖
武晓娜 Python程序设计大学B组 三等奖
符幸 Python程序设计大学B组 三等奖
王天浩 单片机设计与开发大学组 二等奖
邓雅恬 单片机设计与开发大学组 三等奖
牛江伟 单片机设计与开发大学组 三等奖
孙瑞华 单片机设计与开发大学组 三等奖
董文博 单片机设计与开发大学组 三等奖
姬永新 单片机设计与开发大学组 三等奖
刘健 单片机设计与开发大学组 三等奖
肖倩 单片机设计与开发大学组 三等奖
初雨心 单片机设计与开发大学组 三等奖
白永龙 嵌入式设计与开发大学组 三等奖
闫琪 EDA设计与开发大学组 二等奖
刘文宇 EDA设计与开发大学组 二等奖
赵宏石 EDA设计与开发大学组 三等奖
杨昌全 EDA设计与开发大学组 三等奖
