3 6 10 24 
2 28 43 
3 1 7 26 
2 22 44 
2 25 44 
2 20 40 
1 19 
2 6 12 
0 
2 7 48 
2 10 36 
4 4 10 11 40 
1 19 
3 19 20 45 
1 15 
4 1 18 22 26 
4 3 10 14 28 
2 1 41 
2 6 30 
3 19 25 45 
1 11 
3 9 32 35 
3 5 13 14 
1 39 
1 9 
0 
2 9 29 
0 
5 2 4 7 20 31 
3 3 9 26 
1 4 
3 4 5 43 
3 11 25 35 
3 16 29 42 
7 11 12 13 17 22 28 34 
2 1 18 
2 6 22 
5 7 9 14 20 41 
3 4 28 41 
5 1 2 6 9 31 
5 1 6 9 13 46 
2 2 10 
4 8 14 15 42 
2 7 39 
4 2 5 13 38 
2 23 28 
1 14 
1 29 
4 10 21 26 38 
4 3 10 14 28 
3 6 33 42 
1 42 
1 38 
1 30 
3 13 19 32 
3 1 9 29 
1 19 
4 1 4 9 34 
3 7 18 21 
2 6 30 
4 20 31 33 35 
1 10 
0 
