Initial Grammar Set : {
  Z ==> E+T
  F ==> F|FP|P
  G ==> G|GG|F
  Q ==> E|E+F|T|S
  E ==> E|S+F|T
  P ==> G
  T ==> T*i|i
  S ==> i

  Terminal : * + i 
  Non-Terminal : E F G P Q S T Z 
};

After First Check : {
  Z ==> E+T
  F ==> F|FP|P
  G ==> G|GG|F
  E ==> E|S+F|T
  P ==> G
  T ==> T*i|i
  S ==> i

  Terminal : * + i 
  Non-Terminal : E F G P S T Z 
};

After Second Check : {
  E ==> E|S+F|T
  S ==> i
  T ==> T*i|i
  Z ==> E+T

  Terminal : * + i 
  Non-Terminal : E S T Z 
};

After First Check : {
  E ==> E|S+F|T
  S ==> i
  T ==> T*i|i
  Z ==> E+T

  Terminal : * + i 
  Non-Terminal : E F S T Z 
};

After Second Check : {
  E ==> E|S+F|T
  S ==> i
  T ==> T*i|i
  Z ==> E+T

  Terminal : * + i 
  Non-Terminal : E S T Z 
};

